2025-06-24T20:44:17.913+04:00  INFO 41280 --- [spring-real-time-learning] [restartedMain] c.h.s.SpringRealTimeLearningApplication  : Starting SpringRealTimeLearningApplication using Java 21.0.3 with PID 41280 (C:\spring-project\learn-spring\spring-boot-Real-time\target\classes started by tareg in C:\spring-project\learn-spring\spring-boot-Real-time)
2025-06-24T20:44:17.916+04:00  INFO 41280 --- [spring-real-time-learning] [restartedMain] c.h.s.SpringRealTimeLearningApplication  : No active profile set, falling back to 1 default profile: "default"
2025-06-24T20:44:17.983+04:00  INFO 41280 --- [spring-real-time-learning] [restartedMain] .e.DevToolsPropertyDefaultsPostProcessor : Devtools property defaults active! Set 'spring.devtools.add-properties' to 'false' to disable
2025-06-24T20:44:17.983+04:00  INFO 41280 --- [spring-real-time-learning] [restartedMain] .e.DevToolsPropertyDefaultsPostProcessor : For additional web related logging consider setting the 'logging.level.web' property to 'DEBUG'
2025-06-24T20:44:19.109+04:00  INFO 41280 --- [spring-real-time-learning] [restartedMain] .s.d.r.c.RepositoryConfigurationDelegate : Multiple Spring Data modules found, entering strict repository configuration mode
2025-06-24T20:44:19.111+04:00  INFO 41280 --- [spring-real-time-learning] [restartedMain] .s.d.r.c.RepositoryConfigurationDelegate : Bootstrapping Spring Data JPA repositories in DEFAULT mode.
2025-06-24T20:44:19.137+04:00  INFO 41280 --- [spring-real-time-learning] [restartedMain] .s.d.r.c.RepositoryConfigurationDelegate : Finished Spring Data repository scanning in 17 ms. Found 0 JPA repository interfaces.
2025-06-24T20:44:19.167+04:00  INFO 41280 --- [spring-real-time-learning] [restartedMain] .s.d.r.c.RepositoryConfigurationDelegate : Multiple Spring Data modules found, entering strict repository configuration mode
2025-06-24T20:44:19.169+04:00  INFO 41280 --- [spring-real-time-learning] [restartedMain] .s.d.r.c.RepositoryConfigurationDelegate : Bootstrapping Spring Data Redis repositories in DEFAULT mode.
2025-06-24T20:44:19.186+04:00  INFO 41280 --- [spring-real-time-learning] [restartedMain] .s.d.r.c.RepositoryConfigurationDelegate : Finished Spring Data repository scanning in 3 ms. Found 0 Redis repository interfaces.
2025-06-24T20:44:20.370+04:00  INFO 41280 --- [spring-real-time-learning] [restartedMain] o.s.b.w.embedded.tomcat.TomcatWebServer  : Tomcat initialized with port 8081 (http)
2025-06-24T20:44:20.394+04:00  INFO 41280 --- [spring-real-time-learning] [restartedMain] o.apache.catalina.core.StandardService   : Starting service [Tomcat]
2025-06-24T20:44:20.394+04:00  INFO 41280 --- [spring-real-time-learning] [restartedMain] o.apache.catalina.core.StandardEngine    : Starting Servlet engine: [Apache Tomcat/10.1.41]
2025-06-24T20:44:20.465+04:00  INFO 41280 --- [spring-real-time-learning] [restartedMain] o.a.c.c.C.[Tomcat].[localhost].[/]       : Initializing Spring embedded WebApplicationContext
2025-06-24T20:44:20.466+04:00  INFO 41280 --- [spring-real-time-learning] [restartedMain] w.s.c.ServletWebServerApplicationContext : Root WebApplicationContext: initialization completed in 2481 ms
2025-06-24T20:44:20.695+04:00  INFO 41280 --- [spring-real-time-learning] [restartedMain] com.zaxxer.hikari.HikariDataSource       : HikariPool-1 - Starting...
2025-06-24T20:44:20.987+04:00  INFO 41280 --- [spring-real-time-learning] [restartedMain] com.zaxxer.hikari.pool.HikariPool        : HikariPool-1 - Added connection conn0: url=jdbc:h2:mem:e5f504c0-5f9a-49e4-ac19-6fbd2ead9b27 user=SA
2025-06-24T20:44:20.989+04:00  INFO 41280 --- [spring-real-time-learning] [restartedMain] com.zaxxer.hikari.HikariDataSource       : HikariPool-1 - Start completed.
2025-06-24T20:44:21.056+04:00  INFO 41280 --- [spring-real-time-learning] [restartedMain] o.hibernate.jpa.internal.util.LogHelper  : HHH000204: Processing PersistenceUnitInfo [name: default]
2025-06-24T20:44:21.155+04:00  INFO 41280 --- [spring-real-time-learning] [restartedMain] org.hibernate.Version                    : HHH000412: Hibernate ORM core version 6.5.3.Final
2025-06-24T20:44:21.207+04:00  INFO 41280 --- [spring-real-time-learning] [restartedMain] o.h.c.internal.RegionFactoryInitiator    : HHH000026: Second-level cache disabled
2025-06-24T20:44:21.700+04:00  INFO 41280 --- [spring-real-time-learning] [restartedMain] o.s.o.j.p.SpringPersistenceUnitInfo      : No LoadTimeWeaver setup: ignoring JPA class transformer
2025-06-24T20:44:22.277+04:00  INFO 41280 --- [spring-real-time-learning] [restartedMain] o.h.e.t.j.p.i.JtaPlatformInitiator       : HHH000489: No JTA platform available (set 'hibernate.transaction.jta.platform' to enable JTA platform integration)
2025-06-24T20:44:22.283+04:00  INFO 41280 --- [spring-real-time-learning] [restartedMain] j.LocalContainerEntityManagerFactoryBean : Initialized JPA EntityManagerFactory for persistence unit 'default'
2025-06-24T20:44:22.926+04:00  WARN 41280 --- [spring-real-time-learning] [restartedMain] JpaBaseConfiguration$JpaWebConfiguration : spring.jpa.open-in-view is enabled by default. Therefore, database queries may be performed during view rendering. Explicitly configure spring.jpa.open-in-view to disable this warning
2025-06-24T20:44:22.977+04:00  WARN 41280 --- [spring-real-time-learning] [restartedMain] .s.s.UserDetailsServiceAutoConfiguration : 

Using generated security password: fb98e308-21a7-496a-bb6e-0d157f03a29e

This generated password is for development use only. Your security configuration must be updated before running your application in production.

2025-06-24T20:44:23.012+04:00  INFO 41280 --- [spring-real-time-learning] [restartedMain] r$InitializeUserDetailsManagerConfigurer : Global AuthenticationManager configured with UserDetailsService bean with name inMemoryUserDetailsManager
2025-06-24T20:44:23.757+04:00  INFO 41280 --- [spring-real-time-learning] [restartedMain] o.s.b.a.h2.H2ConsoleAutoConfiguration    : H2 console available at '/h2-console'. Database available at 'jdbc:h2:mem:e5f504c0-5f9a-49e4-ac19-6fbd2ead9b27'
2025-06-24T20:44:23.879+04:00  INFO 41280 --- [spring-real-time-learning] [restartedMain] o.s.b.d.a.OptionalLiveReloadServer       : LiveReload server is running on port 35729
2025-06-24T20:44:23.919+04:00  INFO 41280 --- [spring-real-time-learning] [restartedMain] o.s.b.w.embedded.tomcat.TomcatWebServer  : Tomcat started on port 8081 (http) with context path '/'
2025-06-24T20:44:23.930+04:00  INFO 41280 --- [spring-real-time-learning] [restartedMain] c.h.s.SpringRealTimeLearningApplication  : Started SpringRealTimeLearningApplication in 6.679 seconds (process running for 7.481)
2025-06-24T20:45:01.803+04:00  INFO 41280 --- [spring-real-time-learning] [http-nio-8081-exec-2] o.a.c.c.C.[Tomcat].[localhost].[/]       : Initializing Spring DispatcherServlet 'dispatcherServlet'
2025-06-24T20:45:01.803+04:00  INFO 41280 --- [spring-real-time-learning] [http-nio-8081-exec-2] o.s.web.servlet.DispatcherServlet        : Initializing Servlet 'dispatcherServlet'
2025-06-24T20:45:01.806+04:00  INFO 41280 --- [spring-real-time-learning] [http-nio-8081-exec-2] o.s.web.servlet.DispatcherServlet        : Completed initialization in 3 ms
2025-06-24T20:55:41.450+04:00  INFO 41280 --- [spring-real-time-learning] [SpringApplicationShutdownHook] j.LocalContainerEntityManagerFactoryBean : Closing JPA EntityManagerFactory for persistence unit 'default'
2025-06-24T20:55:41.469+04:00  WARN 41280 --- [spring-real-time-learning] [SpringApplicationShutdownHook] o.s.b.f.support.DisposableBeanAdapter    : Invocation of destroy method failed on bean with name 'inMemoryDatabaseShutdownExecutor': org.h2.jdbc.JdbcSQLNonTransientConnectionException: Database is already closed (to disable automatic closing at VM shutdown, add ";DB_CLOSE_ON_EXIT=FALSE" to the db URL) [90121-224]
2025-06-24T20:55:41.470+04:00  INFO 41280 --- [spring-real-time-learning] [SpringApplicationShutdownHook] com.zaxxer.hikari.HikariDataSource       : HikariPool-1 - Shutdown initiated...
2025-06-24T20:55:41.477+04:00  INFO 41280 --- [spring-real-time-learning] [SpringApplicationShutdownHook] com.zaxxer.hikari.HikariDataSource       : HikariPool-1 - Shutdown completed.
